Performing C SOURCE FILE Test CMAKE_HAVE_LIBC_PTHREAD failed with the following output:
Change Dir: /home/xuan/v-rep_sences/signal_gait/cmake-build-debug/CMakeFiles/CMakeTmp

Run Build Command(s):/usr/bin/make cmTC_1f25d/fast && /usr/bin/make -f CMakeFiles/cmTC_1f25d.dir/build.make CMakeFiles/cmTC_1f25d.dir/build
make[1]: 进入目录“/home/xuan/v-rep_sences/signal_gait/cmake-build-debug/CMakeFiles/CMakeTmp”
Building C object CMakeFiles/cmTC_1f25d.dir/src.c.o
/usr/bin/cc   -DCMAKE_HAVE_LIBC_PTHREAD   -o CMakeFiles/cmTC_1f25d.dir/src.c.o   -c /home/xuan/v-rep_sences/signal_gait/cmake-build-debug/CMakeFiles/CMakeTmp/src.c
Linking C executable cmTC_1f25d
/home/xuan/CLion-2020.1.2/clion-2020.1.2/bin/cmake/linux/bin/cmake -E cmake_link_script CMakeFiles/cmTC_1f25d.dir/link.txt --verbose=1
/usr/bin/cc  -DCMAKE_HAVE_LIBC_PTHREAD    CMakeFiles/cmTC_1f25d.dir/src.c.o  -o cmTC_1f25d 
/usr/bin/ld: CMakeFiles/cmTC_1f25d.dir/src.c.o: in function `main':
src.c:(.text+0x46): undefined reference to `pthread_create'
/usr/bin/ld: src.c:(.text+0x52): undefined reference to `pthread_detach'
/usr/bin/ld: src.c:(.text+0x63): undefined reference to `pthread_join'
collect2: error: ld returned 1 exit status
make[1]: *** [CMakeFiles/cmTC_1f25d.dir/build.make:87：cmTC_1f25d] 错误 1
make[1]: 离开目录“/home/xuan/v-rep_sences/signal_gait/cmake-build-debug/CMakeFiles/CMakeTmp”
make: *** [Makefile:121：cmTC_1f25d/fast] 错误 2


Source file was:
#include <pthread.h>

void* test_func(void* data)
{
  return data;
}

int main(void)
{
  pthread_t thread;
  pthread_create(&thread, NULL, test_func, NULL);
  pthread_detach(thread);
  pthread_join(thread, NULL);
  pthread_atfork(NULL, NULL, NULL);
  pthread_exit(NULL);

  return 0;
}

Determining if the function pthread_create exists in the pthreads failed with the following output:
Change Dir: /home/xuan/v-rep_sences/signal_gait/cmake-build-debug/CMakeFiles/CMakeTmp

Run Build Command(s):/usr/bin/make cmTC_2b7e4/fast && /usr/bin/make -f CMakeFiles/cmTC_2b7e4.dir/build.make CMakeFiles/cmTC_2b7e4.dir/build
make[1]: 进入目录“/home/xuan/v-rep_sences/signal_gait/cmake-build-debug/CMakeFiles/CMakeTmp”
Building C object CMakeFiles/cmTC_2b7e4.dir/CheckFunctionExists.c.o
/usr/bin/cc   -DCHECK_FUNCTION_EXISTS=pthread_create   -o CMakeFiles/cmTC_2b7e4.dir/CheckFunctionExists.c.o   -c /home/xuan/CLion-2020.1.2/clion-2020.1.2/bin/cmake/linux/share/cmake-3.16/Modules/CheckFunctionExists.c
Linking C executable cmTC_2b7e4
/home/xuan/CLion-2020.1.2/clion-2020.1.2/bin/cmake/linux/bin/cmake -E cmake_link_script CMakeFiles/cmTC_2b7e4.dir/link.txt --verbose=1
/usr/bin/cc  -DCHECK_FUNCTION_EXISTS=pthread_create    CMakeFiles/cmTC_2b7e4.dir/CheckFunctionExists.c.o  -o cmTC_2b7e4  -lpthreads 
/usr/bin/ld: 找不到 -lpthreads
collect2: error: ld returned 1 exit status
make[1]: *** [CMakeFiles/cmTC_2b7e4.dir/build.make:87：cmTC_2b7e4] 错误 1
make[1]: 离开目录“/home/xuan/v-rep_sences/signal_gait/cmake-build-debug/CMakeFiles/CMakeTmp”
make: *** [Makefile:121：cmTC_2b7e4/fast] 错误 2



